[2026-06-20T14:25:07.972956300] Tài khoản đăng nhập thành công: Quốc
[2026-06-20T14:36:47.870030200] Đăng ký tài khoản mới: Anh Quốc
[2026-06-20T14:36:49.841764400] Tài khoản đăng nhập thành công: Anh Quốc
[2026-06-20T14:37:11.188297200] Thêm sách mới: Lập trình cơ bản (Số lượng: 100)
[2026-06-20T15:09:48.078649100] Đăng ký tài khoản mới: admin với vai trò: THU_THU
[2026-06-20T15:09:52.018644300] Tài khoản đăng nhập thành công: admin (THU_THU)
[2026-06-20T15:10:28.942920100] Thêm sách mới: Đại số tuyến tính (Số lượng: 36)
[2026-06-20T15:11:07.265156400] Tài khoản đăng nhập thành công: Quoc ()
[2026-06-20T15:11:12.399438600] Thêm sách mới: 12 (Số lượng: 12)
[2026-06-20T15:11:19.476127100] Xóa sách ID 6 (12)
[2026-06-20T15:11:28.321746100] Giao dịch mượn sách thành công - ID Sách: 4 (Lập trình cơ bản)
[2026-06-20T15:14:04.024297200] Đăng ký tài khoản mới: Luân  với vai trò: DOC_GIA
[2026-06-20T15:14:06.775020500] Tài khoản đăng nhập thành công: Luân  (DOC_GIA)
[2026-06-20T15:14:23.737425200] Giao dịch mượn sách thành công - ID Sách: 5 (Đại số tuyến tính)
[2026-06-20T15:14:26.825407900] Giao dịch mượn sách thành công - ID Sách: 5 (Đại số tuyến tính)
[2026-06-20T15:27:45.721395200] Đăng ký tài khoản mới: Luân với vai trò: DOC_GIA
[2026-06-20T15:27:49.866219800] Tài khoản đăng nhập thành công: Luân (DOC_GIA)
[2026-06-20T15:28:06.522413900] Giao dịch mượn sách thành công - Độc giả: Luân mượn sách: Đại số tuyến tính
[2026-06-20T15:36:08.951499400] Tài khoản đăng nhập thành công: Luân (DOC_GIA)
[2026-06-20T15:36:22.142652200] Giao dịch mượn sách thành công - Độc giả: Luân mượn sách: Lập trình cơ bản
[2026-06-20T15:40:17.536185900] Tài khoản đăng nhập thành công: Luân (DOC_GIA)
[2026-06-20T15:40:29.330040700] Giao dịch TRẢ SÁCH thành công - Độc giả: Luân | Sách: Đại số tuyến tính
[2026-06-20T15:48:02.099566400] Tài khoản đăng nhập thành công: Luân (DOC_GIA)
